2024-09-10 20:20:03 0 [Note] Starting MariaDB 10.4.32-MariaDB source revision c4143f909528e3fab0677a28631d10389354c491 as process 12732
2024-09-10 20:20:03 0 [Note] InnoDB: Mutexes and rw_locks use Windows interlocked functions
2024-09-10 20:20:03 0 [Note] InnoDB: Uses event mutexes
2024-09-10 20:20:03 0 [Note] InnoDB: Compressed tables use zlib 1.3
2024-09-10 20:20:03 0 [Note] InnoDB: Number of pools: 1
2024-09-10 20:20:03 0 [Note] InnoDB: Using SSE2 crc32 instructions
2024-09-10 20:20:03 0 [Note] InnoDB: Initializing buffer pool, total size = 16M, instances = 1, chunk size = 16M
2024-09-10 20:20:03 0 [Note] InnoDB: Completed initialization of buffer pool
2024-09-10 20:20:03 0 [Note] InnoDB: Starting crash recovery from checkpoint LSN=300288
2024-09-10 20:20:03 0 [Note] InnoDB: 128 out of 128 rollback segments are active.
2024-09-10 20:20:03 0 [Note] InnoDB: Removed temporary tablespace data file: "ibtmp1"
2024-09-10 20:20:03 0 [Note] InnoDB: Creating shared tablespace for temporary tables
2024-09-10 20:20:03 0 [Note] InnoDB: Setting file 'C:\xampp\mysql\data\ibtmp1' size to 12 MB. Physically writing the file full; Please wait ...
2024-09-10 20:20:03 0 [Note] InnoDB: File 'C:\xampp\mysql\data\ibtmp1' size is now 12 MB.
2024-09-10 20:20:03 0 [Note] InnoDB: Waiting for purge to start
2024-09-10 20:20:03 0 [Note] InnoDB: 10.4.32 started; log sequence number 300297; transaction id 170
2024-09-10 20:20:03 0 [Note] Plugin 'FEEDBACK' is disabled.
2024-09-10 20:20:03 0 [Note] InnoDB: Loading buffer pool(s) from C:\xampp\mysql\data\ib_buffer_pool
2024-09-10 20:20:03 0 [Note] InnoDB: Buffer pool(s) load completed at 240910 20:20:03
2024-09-10 20:20:03 0 [Note] Server socket created on IP: '::'.
2024-09-11  2:47:57 0 [Note] Starting MariaDB 10.4.32-MariaDB source revision c4143f909528e3fab0677a28631d10389354c491 as process 5628
2024-09-11  2:47:57 0 [Note] InnoDB: Mutexes and rw_locks use Windows interlocked functions
2024-09-11  2:47:57 0 [Note] InnoDB: Uses event mutexes
2024-09-11  2:47:57 0 [Note] InnoDB: Compressed tables use zlib 1.3
2024-09-11  2:47:57 0 [Note] InnoDB: Number of pools: 1
2024-09-11  2:47:57 0 [Note] InnoDB: Using SSE2 crc32 instructions
2024-09-11  2:47:57 0 [Note] InnoDB: Initializing buffer pool, total size = 16M, instances = 1, chunk size = 16M
2024-09-11  2:47:57 0 [Note] InnoDB: Completed initialization of buffer pool
2024-09-11  2:47:57 0 [Note] InnoDB: Starting crash recovery from checkpoint LSN=580812
2024-09-11  2:47:58 0 [Note] InnoDB: 128 out of 128 rollback segments are active.
2024-09-11  2:47:58 0 [Note] InnoDB: Removed temporary tablespace data file: "ibtmp1"
2024-09-11  2:47:58 0 [Note] InnoDB: Creating shared tablespace for temporary tables
2024-09-11  2:47:58 0 [Note] InnoDB: Setting file 'C:\xampp\mysql\data\ibtmp1' size to 12 MB. Physically writing the file full; Please wait ...
2024-09-11  2:47:58 0 [Note] InnoDB: File 'C:\xampp\mysql\data\ibtmp1' size is now 12 MB.
2024-09-11  2:47:58 0 [Note] InnoDB: Waiting for purge to start
2024-09-11  2:47:58 0 [Note] InnoDB: 10.4.32 started; log sequence number 580821; transaction id 436
2024-09-11  2:47:58 0 [Note] InnoDB: Loading buffer pool(s) from C:\xampp\mysql\data\ib_buffer_pool
2024-09-11  2:47:58 0 [Note] Plugin 'FEEDBACK' is disabled.
2024-09-11  2:47:58 0 [Note] InnoDB: Buffer pool(s) load completed at 240911  2:47:58
2024-09-11  2:47:59 0 [Note] Server socket created on IP: '::'.
2024-09-11  2:48:13 0 [Note] Starting MariaDB 10.4.32-MariaDB source revision c4143f909528e3fab0677a28631d10389354c491 as process 14568
2024-09-11  2:48:13 0 [Note] InnoDB: Mutexes and rw_locks use Windows interlocked functions
2024-09-11  2:48:13 0 [Note] InnoDB: Uses event mutexes
2024-09-11  2:48:13 0 [Note] InnoDB: Compressed tables use zlib 1.3
2024-09-11  2:48:13 0 [Note] InnoDB: Number of pools: 1
2024-09-11  2:48:13 0 [Note] InnoDB: Using SSE2 crc32 instructions
2024-09-11  2:48:13 0 [Note] InnoDB: Initializing buffer pool, total size = 16M, instances = 1, chunk size = 16M
2024-09-11  2:48:13 0 [Note] InnoDB: Completed initialization of buffer pool
2024-09-11  2:48:13 0 [Note] InnoDB: Starting crash recovery from checkpoint LSN=580812
2024-09-11  2:48:13 0 [Note] InnoDB: 128 out of 128 rollback segments are active.
2024-09-11  2:48:13 0 [Note] InnoDB: Removed temporary tablespace data file: "ibtmp1"
2024-09-11  2:48:13 0 [Note] InnoDB: Creating shared tablespace for temporary tables
2024-09-11  2:48:13 0 [Note] InnoDB: Setting file 'C:\xampp\mysql\data\ibtmp1' size to 12 MB. Physically writing the file full; Please wait ...
2024-09-11  2:48:13 0 [Note] InnoDB: File 'C:\xampp\mysql\data\ibtmp1' size is now 12 MB.
2024-09-11  2:48:13 0 [Note] InnoDB: Waiting for purge to start
2024-09-11  2:48:13 0 [Note] InnoDB: 10.4.32 started; log sequence number 580821; transaction id 436
2024-09-11  2:48:13 0 [Note] InnoDB: Loading buffer pool(s) from C:\xampp\mysql\data\ib_buffer_pool
2024-09-11  2:48:13 0 [Note] Plugin 'FEEDBACK' is disabled.
2024-09-11  2:48:13 0 [Note] Server socket created on IP: '::'.
2024-09-18 14:59:44 0 [Note] Starting MariaDB 10.4.32-MariaDB source revision c4143f909528e3fab0677a28631d10389354c491 as process 11080
2024-09-18 14:59:44 0 [Note] mysqld.exe: Aria engine: starting recovery
recovered pages: 0% 100% (0.0 seconds); 
2024-09-18 14:59:44 0 [Note] mysqld.exe: Aria engine: recovery done
2024-09-18 14:59:44 0 [Note] InnoDB: Mutexes and rw_locks use Windows interlocked functions
2024-09-18 14:59:44 0 [Note] InnoDB: Uses event mutexes
2024-09-18 14:59:44 0 [Note] InnoDB: Compressed tables use zlib 1.3
2024-09-18 14:59:44 0 [Note] InnoDB: Number of pools: 1
2024-09-18 14:59:44 0 [Note] InnoDB: Using SSE2 crc32 instructions
2024-09-18 14:59:44 0 [Note] InnoDB: Initializing buffer pool, total size = 16M, instances = 1, chunk size = 16M
2024-09-18 14:59:44 0 [Note] InnoDB: Completed initialization of buffer pool
2024-09-18 14:59:44 0 [Note] InnoDB: Starting crash recovery from checkpoint LSN=581235
2024-09-18 14:59:45 0 [Note] InnoDB: 128 out of 128 rollback segments are active.
2024-09-18 14:59:45 0 [Note] InnoDB: Removed temporary tablespace data file: "ibtmp1"
2024-09-18 14:59:45 0 [Note] InnoDB: Creating shared tablespace for temporary tables
2024-09-18 14:59:45 0 [Note] InnoDB: Setting file 'C:\xampp\mysql\data\ibtmp1' size to 12 MB. Physically writing the file full; Please wait ...
2024-09-18 14:59:45 0 [Note] InnoDB: File 'C:\xampp\mysql\data\ibtmp1' size is now 12 MB.
2024-09-18 14:59:45 0 [Note] InnoDB: Waiting for purge to start
2024-09-18 14:59:45 0 [Note] InnoDB: 10.4.32 started; log sequence number 581244; transaction id 459
2024-09-18 14:59:45 0 [Note] InnoDB: Loading buffer pool(s) from C:\xampp\mysql\data\ib_buffer_pool
2024-09-18 14:59:45 0 [Note] Plugin 'FEEDBACK' is disabled.
2024-09-18 14:59:45 0 [Note] InnoDB: Buffer pool(s) load completed at 240918 14:59:45
2024-09-18 14:59:45 0 [Note] Server socket created on IP: '::'.
2024-09-24 12:59:22 0 [Note] Starting MariaDB 10.4.32-MariaDB source revision c4143f909528e3fab0677a28631d10389354c491 as process 18660
2024-09-24 12:59:22 0 [Note] InnoDB: Mutexes and rw_locks use Windows interlocked functions
2024-09-24 12:59:22 0 [Note] InnoDB: Uses event mutexes
2024-09-24 12:59:22 0 [Note] InnoDB: Compressed tables use zlib 1.3
2024-09-24 12:59:22 0 [Note] InnoDB: Number of pools: 1
2024-09-24 12:59:22 0 [Note] InnoDB: Using SSE2 crc32 instructions
2024-09-24 12:59:22 0 [Note] InnoDB: Initializing buffer pool, total size = 16M, instances = 1, chunk size = 16M
2024-09-24 12:59:22 0 [Note] InnoDB: Completed initialization of buffer pool
2024-09-24 12:59:22 0 [Note] InnoDB: Starting crash recovery from checkpoint LSN=582874
2024-09-24 12:59:22 0 [Note] InnoDB: 128 out of 128 rollback segments are active.
2024-09-24 12:59:22 0 [Note] InnoDB: Removed temporary tablespace data file: "ibtmp1"
2024-09-24 12:59:22 0 [Note] InnoDB: Creating shared tablespace for temporary tables
2024-09-24 12:59:22 0 [Note] InnoDB: Setting file 'C:\xampp\mysql\data\ibtmp1' size to 12 MB. Physically writing the file full; Please wait ...
2024-09-24 12:59:22 0 [Note] InnoDB: File 'C:\xampp\mysql\data\ibtmp1' size is now 12 MB.
2024-09-24 12:59:22 0 [Note] InnoDB: Waiting for purge to start
2024-09-24 12:59:22 0 [Note] InnoDB: 10.4.32 started; log sequence number 582883; transaction id 485
2024-09-24 12:59:22 0 [Note] InnoDB: Loading buffer pool(s) from C:\xampp\mysql\data\ib_buffer_pool
2024-09-24 12:59:22 0 [Note] Plugin 'FEEDBACK' is disabled.
2024-09-24 12:59:22 0 [Note] InnoDB: Buffer pool(s) load completed at 240924 12:59:22
2024-09-24 12:59:22 0 [Note] Server socket created on IP: '::'.
2024-09-24 16:24:50 0 [Note] Starting MariaDB 10.4.32-MariaDB source revision c4143f909528e3fab0677a28631d10389354c491 as process 3584
2024-09-24 16:24:50 0 [Note] InnoDB: Mutexes and rw_locks use Windows interlocked functions
2024-09-24 16:24:50 0 [Note] InnoDB: Uses event mutexes
2024-09-24 16:24:50 0 [Note] InnoDB: Compressed tables use zlib 1.3
2024-09-24 16:24:50 0 [Note] InnoDB: Number of pools: 1
2024-09-24 16:24:50 0 [Note] InnoDB: Using SSE2 crc32 instructions
2024-09-24 16:24:50 0 [Note] InnoDB: Initializing buffer pool, total size = 16M, instances = 1, chunk size = 16M
2024-09-24 16:24:50 0 [Note] InnoDB: Completed initialization of buffer pool
2024-09-24 16:24:50 0 [Note] InnoDB: Starting crash recovery from checkpoint LSN=583554
2024-09-24 16:24:51 0 [Note] InnoDB: 128 out of 128 rollback segments are active.
2024-09-24 16:24:51 0 [Note] InnoDB: Removed temporary tablespace data file: "ibtmp1"
2024-09-24 16:24:51 0 [Note] InnoDB: Creating shared tablespace for temporary tables
2024-09-24 16:24:51 0 [Note] InnoDB: Setting file 'C:\xampp\mysql\data\ibtmp1' size to 12 MB. Physically writing the file full; Please wait ...
2024-09-24 16:24:51 0 [Note] InnoDB: File 'C:\xampp\mysql\data\ibtmp1' size is now 12 MB.
2024-09-24 16:24:51 0 [Note] InnoDB: Waiting for purge to start
2024-09-24 16:24:51 0 [Note] InnoDB: 10.4.32 started; log sequence number 583563; transaction id 520
2024-09-24 16:24:51 0 [Note] InnoDB: Loading buffer pool(s) from C:\xampp\mysql\data\ib_buffer_pool
2024-09-24 16:24:51 0 [Note] Plugin 'FEEDBACK' is disabled.
2024-09-24 16:24:51 0 [Note] InnoDB: Buffer pool(s) load completed at 240924 16:24:51
2024-09-24 16:24:51 0 [Note] Server socket created on IP: '::'.
2024-09-24 18:57:29 0 [Note] Starting MariaDB 10.4.32-MariaDB source revision c4143f909528e3fab0677a28631d10389354c491 as process 9516
2024-09-24 18:57:29 0 [Note] InnoDB: Mutexes and rw_locks use Windows interlocked functions
2024-09-24 18:57:29 0 [Note] InnoDB: Uses event mutexes
2024-09-24 18:57:29 0 [Note] InnoDB: Compressed tables use zlib 1.3
2024-09-24 18:57:29 0 [Note] InnoDB: Number of pools: 1
2024-09-24 18:57:29 0 [Note] InnoDB: Using SSE2 crc32 instructions
2024-09-24 18:57:29 0 [Note] InnoDB: Initializing buffer pool, total size = 16M, instances = 1, chunk size = 16M
2024-09-24 18:57:29 0 [Note] InnoDB: Completed initialization of buffer pool
2024-09-24 18:57:29 0 [Note] InnoDB: Starting crash recovery from checkpoint LSN=721204
2024-09-24 18:57:29 0 [Note] InnoDB: 128 out of 128 rollback segments are active.
2024-09-24 18:57:29 0 [Note] InnoDB: Removed temporary tablespace data file: "ibtmp1"
2024-09-24 18:57:29 0 [Note] InnoDB: Creating shared tablespace for temporary tables
2024-09-24 18:57:29 0 [Note] InnoDB: Setting file 'C:\xampp\mysql\data\ibtmp1' size to 12 MB. Physically writing the file full; Please wait ...
2024-09-24 18:57:29 0 [Note] InnoDB: File 'C:\xampp\mysql\data\ibtmp1' size is now 12 MB.
2024-09-24 18:57:29 0 [Note] InnoDB: Waiting for purge to start
2024-09-24 18:57:29 0 [Note] InnoDB: 10.4.32 started; log sequence number 721213; transaction id 656
2024-09-24 18:57:29 0 [Note] Plugin 'FEEDBACK' is disabled.
2024-09-24 18:57:29 0 [Note] InnoDB: Loading buffer pool(s) from C:\xampp\mysql\data\ib_buffer_pool
2024-09-24 18:57:29 0 [Note] InnoDB: Buffer pool(s) load completed at 240924 18:57:29
2024-09-24 18:57:29 0 [Note] Server socket created on IP: '::'.
2024-09-24 20:52:55 0 [Note] Starting MariaDB 10.4.32-MariaDB source revision c4143f909528e3fab0677a28631d10389354c491 as process 16260
2024-09-24 20:52:55 0 [Note] InnoDB: Mutexes and rw_locks use Windows interlocked functions
2024-09-24 20:52:55 0 [Note] InnoDB: Uses event mutexes
2024-09-24 20:52:55 0 [Note] InnoDB: Compressed tables use zlib 1.3
2024-09-24 20:52:55 0 [Note] InnoDB: Number of pools: 1
2024-09-24 20:52:55 0 [Note] InnoDB: Using SSE2 crc32 instructions
2024-09-24 20:52:55 0 [Note] InnoDB: Initializing buffer pool, total size = 16M, instances = 1, chunk size = 16M
2024-09-24 20:52:55 0 [Note] InnoDB: Completed initialization of buffer pool
2024-09-24 20:52:55 0 [Note] InnoDB: Starting crash recovery from checkpoint LSN=778729
2024-09-24 20:52:55 0 [Note] InnoDB: 128 out of 128 rollback segments are active.
2024-09-24 20:52:55 0 [Note] InnoDB: Removed temporary tablespace data file: "ibtmp1"
2024-09-24 20:52:55 0 [Note] InnoDB: Creating shared tablespace for temporary tables
2024-09-24 20:52:55 0 [Note] InnoDB: Setting file 'C:\xampp\mysql\data\ibtmp1' size to 12 MB. Physically writing the file full; Please wait ...
2024-09-24 20:52:55 0 [Note] InnoDB: File 'C:\xampp\mysql\data\ibtmp1' size is now 12 MB.
2024-09-24 20:52:55 0 [Note] InnoDB: Waiting for purge to start
2024-09-24 20:52:55 0 [Note] InnoDB: 10.4.32 started; log sequence number 778738; transaction id 728
2024-09-24 20:52:55 0 [Note] InnoDB: Loading buffer pool(s) from C:\xampp\mysql\data\ib_buffer_pool
2024-09-24 20:52:55 0 [Note] Plugin 'FEEDBACK' is disabled.
2024-09-24 20:52:55 0 [Note] InnoDB: Buffer pool(s) load completed at 240924 20:52:55
2024-09-24 20:52:55 0 [Note] Server socket created on IP: '::'.
2024-09-25 11:14:20 0 [Note] Starting MariaDB 10.4.32-MariaDB source revision c4143f909528e3fab0677a28631d10389354c491 as process 11244
2024-09-25 11:14:20 0 [Note] InnoDB: Mutexes and rw_locks use Windows interlocked functions
2024-09-25 11:14:20 0 [Note] InnoDB: Uses event mutexes
2024-09-25 11:14:20 0 [Note] InnoDB: Compressed tables use zlib 1.3
2024-09-25 11:14:20 0 [Note] InnoDB: Number of pools: 1
2024-09-25 11:14:20 0 [Note] InnoDB: Using SSE2 crc32 instructions
2024-09-25 11:14:20 0 [Note] InnoDB: Initializing buffer pool, total size = 16M, instances = 1, chunk size = 16M
2024-09-25 11:14:20 0 [Note] InnoDB: Completed initialization of buffer pool
2024-09-25 11:14:20 0 [Note] InnoDB: Starting crash recovery from checkpoint LSN=779161
2024-09-25 11:14:21 0 [Note] InnoDB: 128 out of 128 rollback segments are active.
2024-09-25 11:14:21 0 [Note] InnoDB: Removed temporary tablespace data file: "ibtmp1"
2024-09-25 11:14:21 0 [Note] InnoDB: Creating shared tablespace for temporary tables
2024-09-25 11:14:21 0 [Note] InnoDB: Setting file 'C:\xampp\mysql\data\ibtmp1' size to 12 MB. Physically writing the file full; Please wait ...
2024-09-25 11:14:21 0 [Note] InnoDB: File 'C:\xampp\mysql\data\ibtmp1' size is now 12 MB.
2024-09-25 11:14:21 0 [Note] InnoDB: Waiting for purge to start
2024-09-25 11:14:21 0 [Note] InnoDB: 10.4.32 started; log sequence number 779170; transaction id 751
2024-09-25 11:14:21 0 [Note] InnoDB: Loading buffer pool(s) from C:\xampp\mysql\data\ib_buffer_pool
2024-09-25 11:14:21 0 [Note] Plugin 'FEEDBACK' is disabled.
2024-09-25 11:14:21 0 [Note] InnoDB: Buffer pool(s) load completed at 240925 11:14:21
2024-09-25 11:14:21 0 [Note] Server socket created on IP: '::'.
2024-09-26  9:09:49 0 [Note] Starting MariaDB 10.4.32-MariaDB source revision c4143f909528e3fab0677a28631d10389354c491 as process 19160
2024-09-26  9:09:49 0 [Note] InnoDB: Mutexes and rw_locks use Windows interlocked functions
2024-09-26  9:09:49 0 [Note] InnoDB: Uses event mutexes
2024-09-26  9:09:49 0 [Note] InnoDB: Compressed tables use zlib 1.3
2024-09-26  9:09:49 0 [Note] InnoDB: Number of pools: 1
2024-09-26  9:09:49 0 [Note] InnoDB: Using SSE2 crc32 instructions
2024-09-26  9:09:49 0 [Note] InnoDB: Initializing buffer pool, total size = 16M, instances = 1, chunk size = 16M
2024-09-26  9:09:49 0 [Note] InnoDB: Completed initialization of buffer pool
2024-09-26  9:09:49 0 [Note] InnoDB: Starting crash recovery from checkpoint LSN=779179
2024-09-26  9:09:50 0 [Note] InnoDB: 128 out of 128 rollback segments are active.
2024-09-26  9:09:50 0 [Note] InnoDB: Removed temporary tablespace data file: "ibtmp1"
2024-09-26  9:09:50 0 [Note] InnoDB: Creating shared tablespace for temporary tables
2024-09-26  9:09:50 0 [Note] InnoDB: Setting file 'C:\xampp\mysql\data\ibtmp1' size to 12 MB. Physically writing the file full; Please wait ...
2024-09-26  9:09:50 0 [Note] InnoDB: File 'C:\xampp\mysql\data\ibtmp1' size is now 12 MB.
2024-09-26  9:09:50 0 [Note] InnoDB: Waiting for purge to start
2024-09-26  9:09:50 0 [Note] InnoDB: 10.4.32 started; log sequence number 779188; transaction id 751
2024-09-26  9:09:50 0 [Note] InnoDB: Loading buffer pool(s) from C:\xampp\mysql\data\ib_buffer_pool
2024-09-26  9:09:50 0 [Note] Plugin 'FEEDBACK' is disabled.
2024-09-26  9:09:50 0 [Note] InnoDB: Buffer pool(s) load completed at 240926  9:09:50
2024-09-26  9:09:50 0 [Note] Server socket created on IP: '::'.
2024-09-28 20:30:56 0 [Note] Starting MariaDB 10.4.32-MariaDB source revision c4143f909528e3fab0677a28631d10389354c491 as process 7492
2024-09-28 20:30:56 0 [Note] InnoDB: Mutexes and rw_locks use Windows interlocked functions
2024-09-28 20:30:56 0 [Note] InnoDB: Uses event mutexes
2024-09-28 20:30:56 0 [Note] InnoDB: Compressed tables use zlib 1.3
2024-09-28 20:30:56 0 [Note] InnoDB: Number of pools: 1
2024-09-28 20:30:56 0 [Note] InnoDB: Using SSE2 crc32 instructions
2024-09-28 20:30:56 0 [Note] InnoDB: Initializing buffer pool, total size = 16M, instances = 1, chunk size = 16M
2024-09-28 20:30:56 0 [Note] InnoDB: Completed initialization of buffer pool
2024-09-28 20:30:56 0 [Note] InnoDB: Starting crash recovery from checkpoint LSN=779514
2024-09-28 20:30:57 0 [Note] InnoDB: 128 out of 128 rollback segments are active.
2024-09-28 20:30:57 0 [Note] InnoDB: Removed temporary tablespace data file: "ibtmp1"
2024-09-28 20:30:57 0 [Note] InnoDB: Creating shared tablespace for temporary tables
2024-09-28 20:30:57 0 [Note] InnoDB: Setting file 'C:\xampp\mysql\data\ibtmp1' size to 12 MB. Physically writing the file full; Please wait ...
2024-09-28 20:30:57 0 [Note] InnoDB: File 'C:\xampp\mysql\data\ibtmp1' size is now 12 MB.
2024-09-28 20:30:57 0 [Note] InnoDB: Waiting for purge to start
2024-09-28 20:30:57 0 [Note] InnoDB: 10.4.32 started; log sequence number 779523; transaction id 774
2024-09-28 20:30:57 0 [Note] InnoDB: Loading buffer pool(s) from C:\xampp\mysql\data\ib_buffer_pool
2024-09-28 20:30:57 0 [Note] Plugin 'FEEDBACK' is disabled.
2024-09-28 20:30:57 0 [Note] InnoDB: Buffer pool(s) load completed at 240928 20:30:57
2024-09-28 20:30:57 0 [Note] Server socket created on IP: '::'.
2024-09-28 20:31:38 0 [Note] Starting MariaDB 10.4.32-MariaDB source revision c4143f909528e3fab0677a28631d10389354c491 as process 16064
2024-09-28 20:31:38 0 [Note] InnoDB: Mutexes and rw_locks use Windows interlocked functions
2024-09-28 20:31:38 0 [Note] InnoDB: Uses event mutexes
2024-09-28 20:31:38 0 [Note] InnoDB: Compressed tables use zlib 1.3
2024-09-28 20:31:38 0 [Note] InnoDB: Number of pools: 1
2024-09-28 20:31:38 0 [Note] InnoDB: Using SSE2 crc32 instructions
2024-09-28 20:31:38 0 [Note] InnoDB: Initializing buffer pool, total size = 16M, instances = 1, chunk size = 16M
2024-09-28 20:31:38 0 [Note] InnoDB: Completed initialization of buffer pool
2024-09-28 20:31:38 0 [Note] InnoDB: Starting crash recovery from checkpoint LSN=779532
2024-09-28 20:31:38 0 [Note] InnoDB: 128 out of 128 rollback segments are active.
2024-09-28 20:31:38 0 [Note] InnoDB: Removed temporary tablespace data file: "ibtmp1"
2024-09-28 20:31:38 0 [Note] InnoDB: Creating shared tablespace for temporary tables
2024-09-28 20:31:38 0 [Note] InnoDB: Setting file 'C:\xampp\mysql\data\ibtmp1' size to 12 MB. Physically writing the file full; Please wait ...
2024-09-28 20:31:38 0 [Note] InnoDB: File 'C:\xampp\mysql\data\ibtmp1' size is now 12 MB.
2024-09-28 20:31:38 0 [Note] InnoDB: Waiting for purge to start
2024-09-28 20:31:38 0 [Note] InnoDB: 10.4.32 started; log sequence number 779541; transaction id 774
2024-09-28 20:31:38 0 [Note] InnoDB: Loading buffer pool(s) from C:\xampp\mysql\data\ib_buffer_pool
2024-09-28 20:31:38 0 [Note] Plugin 'FEEDBACK' is disabled.
2024-09-28 20:31:38 0 [Note] Server socket created on IP: '::'.
2024-09-29 23:45:42 0 [Note] Starting MariaDB 10.4.32-MariaDB source revision c4143f909528e3fab0677a28631d10389354c491 as process 1932
2024-09-29 23:45:42 0 [Note] InnoDB: Mutexes and rw_locks use Windows interlocked functions
2024-09-29 23:45:42 0 [Note] InnoDB: Uses event mutexes
2024-09-29 23:45:42 0 [Note] InnoDB: Compressed tables use zlib 1.3
2024-09-29 23:45:42 0 [Note] InnoDB: Number of pools: 1
2024-09-29 23:45:42 0 [Note] InnoDB: Using SSE2 crc32 instructions
2024-09-29 23:45:42 0 [Note] InnoDB: Initializing buffer pool, total size = 16M, instances = 1, chunk size = 16M
2024-09-29 23:45:42 0 [Note] InnoDB: Completed initialization of buffer pool
2024-09-29 23:45:42 0 [Note] InnoDB: Starting crash recovery from checkpoint LSN=793250
2024-09-29 23:45:43 0 [Note] InnoDB: 128 out of 128 rollback segments are active.
2024-09-29 23:45:43 0 [Note] InnoDB: Removed temporary tablespace data file: "ibtmp1"
2024-09-29 23:45:43 0 [Note] InnoDB: Creating shared tablespace for temporary tables
2024-09-29 23:45:43 0 [Note] InnoDB: Setting file 'C:\xampp\mysql\data\ibtmp1' size to 12 MB. Physically writing the file full; Please wait ...
2024-09-29 23:45:43 0 [Note] InnoDB: File 'C:\xampp\mysql\data\ibtmp1' size is now 12 MB.
2024-09-29 23:45:43 0 [Note] InnoDB: Waiting for purge to start
2024-09-29 23:45:43 0 [Note] InnoDB: 10.4.32 started; log sequence number 793259; transaction id 835
2024-09-29 23:45:43 0 [Note] InnoDB: Loading buffer pool(s) from C:\xampp\mysql\data\ib_buffer_pool
2024-09-29 23:45:43 0 [Note] Plugin 'FEEDBACK' is disabled.
2024-09-29 23:45:43 0 [Note] InnoDB: Buffer pool(s) load completed at 240929 23:45:43
2024-09-29 23:45:43 0 [Note] Server socket created on IP: '::'.
2024-09-30  1:33:09 0 [Note] Starting MariaDB 10.4.32-MariaDB source revision c4143f909528e3fab0677a28631d10389354c491 as process 11932
2024-09-30  1:33:09 0 [Note] InnoDB: Mutexes and rw_locks use Windows interlocked functions
2024-09-30  1:33:09 0 [Note] InnoDB: Uses event mutexes
2024-09-30  1:33:09 0 [Note] InnoDB: Compressed tables use zlib 1.3
2024-09-30  1:33:09 0 [Note] InnoDB: Number of pools: 1
2024-09-30  1:33:09 0 [Note] InnoDB: Using SSE2 crc32 instructions
2024-09-30  1:33:09 0 [Note] InnoDB: Initializing buffer pool, total size = 16M, instances = 1, chunk size = 16M
2024-09-30  1:33:09 0 [Note] InnoDB: Completed initialization of buffer pool
2024-09-30  1:33:09 0 [Note] InnoDB: Starting crash recovery from checkpoint LSN=821645
2024-09-30  1:33:10 0 [Note] InnoDB: 128 out of 128 rollback segments are active.
2024-09-30  1:33:10 0 [Note] InnoDB: Removed temporary tablespace data file: "ibtmp1"
2024-09-30  1:33:10 0 [Note] InnoDB: Creating shared tablespace for temporary tables
2024-09-30  1:33:10 0 [Note] InnoDB: Setting file 'C:\xampp\mysql\data\ibtmp1' size to 12 MB. Physically writing the file full; Please wait ...
2024-09-30  1:33:10 0 [Note] InnoDB: File 'C:\xampp\mysql\data\ibtmp1' size is now 12 MB.
2024-09-30  1:33:10 0 [Note] InnoDB: Waiting for purge to start
2024-09-30  1:33:10 0 [Note] InnoDB: 10.4.32 started; log sequence number 821654; transaction id 952
2024-09-30  1:33:10 0 [Note] InnoDB: Loading buffer pool(s) from C:\xampp\mysql\data\ib_buffer_pool
2024-09-30  1:33:10 0 [Note] Plugin 'FEEDBACK' is disabled.
2024-09-30  1:33:10 0 [Note] Server socket created on IP: '::'.
2024-09-30 22:09:25 0 [Note] Starting MariaDB 10.4.32-MariaDB source revision c4143f909528e3fab0677a28631d10389354c491 as process 1460
2024-09-30 22:09:25 0 [Note] InnoDB: Mutexes and rw_locks use Windows interlocked functions
2024-09-30 22:09:25 0 [Note] InnoDB: Uses event mutexes
2024-09-30 22:09:25 0 [Note] InnoDB: Compressed tables use zlib 1.3
2024-09-30 22:09:25 0 [Note] InnoDB: Number of pools: 1
2024-09-30 22:09:25 0 [Note] InnoDB: Using SSE2 crc32 instructions
2024-09-30 22:09:25 0 [Note] InnoDB: Initializing buffer pool, total size = 16M, instances = 1, chunk size = 16M
2024-09-30 22:09:25 0 [Note] InnoDB: Completed initialization of buffer pool
2024-09-30 22:09:25 0 [Note] InnoDB: Starting crash recovery from checkpoint LSN=831788
2024-09-30 22:09:25 0 [Note] InnoDB: 128 out of 128 rollback segments are active.
2024-09-30 22:09:25 0 [Note] InnoDB: Removed temporary tablespace data file: "ibtmp1"
2024-09-30 22:09:25 0 [Note] InnoDB: Creating shared tablespace for temporary tables
2024-09-30 22:09:25 0 [Note] InnoDB: Setting file 'C:\xampp\mysql\data\ibtmp1' size to 12 MB. Physically writing the file full; Please wait ...
2024-09-30 22:09:25 0 [Note] InnoDB: File 'C:\xampp\mysql\data\ibtmp1' size is now 12 MB.
2024-09-30 22:09:25 0 [Note] InnoDB: Waiting for purge to start
2024-09-30 22:09:26 0 [Note] InnoDB: 10.4.32 started; log sequence number 831797; transaction id 1016
2024-09-30 22:09:26 0 [Note] InnoDB: Loading buffer pool(s) from C:\xampp\mysql\data\ib_buffer_pool
2024-09-30 22:09:26 0 [Note] Plugin 'FEEDBACK' is disabled.
2024-09-30 22:09:26 0 [Note] InnoDB: Buffer pool(s) load completed at 240930 22:09:26
2024-09-30 22:09:26 0 [Note] Server socket created on IP: '::'.
2024-10-01  1:36:51 0 [Note] Starting MariaDB 10.4.32-MariaDB source revision c4143f909528e3fab0677a28631d10389354c491 as process 1576
2024-10-01  1:36:51 0 [Note] InnoDB: Mutexes and rw_locks use Windows interlocked functions
2024-10-01  1:36:51 0 [Note] InnoDB: Uses event mutexes
2024-10-01  1:36:51 0 [Note] InnoDB: Compressed tables use zlib 1.3
2024-10-01  1:36:51 0 [Note] InnoDB: Number of pools: 1
2024-10-01  1:36:51 0 [Note] InnoDB: Using SSE2 crc32 instructions
2024-10-01  1:36:51 0 [Note] InnoDB: Initializing buffer pool, total size = 16M, instances = 1, chunk size = 16M
2024-10-01  1:36:51 0 [Note] InnoDB: Completed initialization of buffer pool
2024-10-01  1:36:51 0 [Note] InnoDB: Starting crash recovery from checkpoint LSN=1024120
2024-10-01  1:36:51 0 [Note] InnoDB: 128 out of 128 rollback segments are active.
2024-10-01  1:36:51 0 [Note] InnoDB: Removed temporary tablespace data file: "ibtmp1"
2024-10-01  1:36:51 0 [Note] InnoDB: Creating shared tablespace for temporary tables
2024-10-01  1:36:51 0 [Note] InnoDB: Setting file 'C:\xampp\mysql\data\ibtmp1' size to 12 MB. Physically writing the file full; Please wait ...
2024-10-01  1:36:51 0 [Note] InnoDB: File 'C:\xampp\mysql\data\ibtmp1' size is now 12 MB.
2024-10-01  1:36:51 0 [Note] InnoDB: Waiting for purge to start
2024-10-01  1:36:51 0 [Note] InnoDB: 10.4.32 started; log sequence number 1024129; transaction id 1395
2024-10-01  1:36:51 0 [Note] Plugin 'FEEDBACK' is disabled.
2024-10-01  1:36:51 0 [Note] InnoDB: Loading buffer pool(s) from C:\xampp\mysql\data\ib_buffer_pool
2024-10-01  1:36:51 0 [Note] InnoDB: Buffer pool(s) load completed at 241001  1:36:51
2024-10-01  1:36:51 0 [Note] Server socket created on IP: '::'.
2024-10-01 15:15:30 0 [Note] Starting MariaDB 10.4.32-MariaDB source revision c4143f909528e3fab0677a28631d10389354c491 as process 10908
2024-10-01 15:15:30 0 [Note] InnoDB: Mutexes and rw_locks use Windows interlocked functions
2024-10-01 15:15:30 0 [Note] InnoDB: Uses event mutexes
2024-10-01 15:15:30 0 [Note] InnoDB: Compressed tables use zlib 1.3
2024-10-01 15:15:30 0 [Note] InnoDB: Number of pools: 1
2024-10-01 15:15:30 0 [Note] InnoDB: Using SSE2 crc32 instructions
2024-10-01 15:15:30 0 [Note] InnoDB: Initializing buffer pool, total size = 16M, instances = 1, chunk size = 16M
2024-10-01 15:15:30 0 [Note] InnoDB: Completed initialization of buffer pool
2024-10-01 15:15:30 0 [Note] InnoDB: Starting crash recovery from checkpoint LSN=1074910
2024-10-01 15:15:30 0 [Note] InnoDB: 128 out of 128 rollback segments are active.
2024-10-01 15:15:30 0 [Note] InnoDB: Removed temporary tablespace data file: "ibtmp1"
2024-10-01 15:15:30 0 [Note] InnoDB: Creating shared tablespace for temporary tables
2024-10-01 15:15:30 0 [Note] InnoDB: Setting file 'C:\xampp\mysql\data\ibtmp1' size to 12 MB. Physically writing the file full; Please wait ...
2024-10-01 15:15:30 0 [Note] InnoDB: File 'C:\xampp\mysql\data\ibtmp1' size is now 12 MB.
2024-10-01 15:15:30 0 [Note] InnoDB: Waiting for purge to start
2024-10-01 15:15:30 0 [Note] InnoDB: 10.4.32 started; log sequence number 1074919; transaction id 1518
2024-10-01 15:15:30 0 [Note] InnoDB: Loading buffer pool(s) from C:\xampp\mysql\data\ib_buffer_pool
2024-10-01 15:15:30 0 [Note] Plugin 'FEEDBACK' is disabled.
2024-10-01 15:15:30 0 [Note] InnoDB: Buffer pool(s) load completed at 241001 15:15:30
2024-10-01 15:15:30 0 [Note] Server socket created on IP: '::'.
2024-10-01 23:50:40 0 [Note] Starting MariaDB 10.4.32-MariaDB source revision c4143f909528e3fab0677a28631d10389354c491 as process 8808
2024-10-01 23:50:40 0 [Note] InnoDB: Mutexes and rw_locks use Windows interlocked functions
2024-10-01 23:50:40 0 [Note] InnoDB: Uses event mutexes
2024-10-01 23:50:40 0 [Note] InnoDB: Compressed tables use zlib 1.3
2024-10-01 23:50:40 0 [Note] InnoDB: Number of pools: 1
2024-10-01 23:50:40 0 [Note] InnoDB: Using SSE2 crc32 instructions
2024-10-01 23:50:40 0 [Note] InnoDB: Initializing buffer pool, total size = 16M, instances = 1, chunk size = 16M
2024-10-01 23:50:40 0 [Note] InnoDB: Completed initialization of buffer pool
2024-10-01 23:50:40 0 [Note] InnoDB: Starting crash recovery from checkpoint LSN=1315157
2024-10-01 23:50:41 0 [Note] InnoDB: 128 out of 128 rollback segments are active.
2024-10-01 23:50:41 0 [Note] InnoDB: Removed temporary tablespace data file: "ibtmp1"
2024-10-01 23:50:41 0 [Note] InnoDB: Creating shared tablespace for temporary tables
2024-10-01 23:50:41 0 [Note] InnoDB: Setting file 'C:\xampp\mysql\data\ibtmp1' size to 12 MB. Physically writing the file full; Please wait ...
2024-10-01 23:50:41 0 [Note] InnoDB: File 'C:\xampp\mysql\data\ibtmp1' size is now 12 MB.
2024-10-01 23:50:41 0 [Note] InnoDB: Waiting for purge to start
2024-10-01 23:50:41 0 [Note] InnoDB: 10.4.32 started; log sequence number 1315166; transaction id 2036
2024-10-01 23:50:41 0 [Note] InnoDB: Loading buffer pool(s) from C:\xampp\mysql\data\ib_buffer_pool
2024-10-01 23:50:41 0 [Note] Plugin 'FEEDBACK' is disabled.
2024-10-01 23:50:41 0 [Note] InnoDB: Buffer pool(s) load completed at 241001 23:50:41
2024-10-01 23:50:41 0 [Note] Server socket created on IP: '::'.
2024-10-02  0:41:24 0 [Note] Starting MariaDB 10.4.32-MariaDB source revision c4143f909528e3fab0677a28631d10389354c491 as process 9528
2024-10-02  0:41:24 0 [Note] InnoDB: Mutexes and rw_locks use Windows interlocked functions
2024-10-02  0:41:24 0 [Note] InnoDB: Uses event mutexes
2024-10-02  0:41:24 0 [Note] InnoDB: Compressed tables use zlib 1.3
2024-10-02  0:41:24 0 [Note] InnoDB: Number of pools: 1
2024-10-02  0:41:24 0 [Note] InnoDB: Using SSE2 crc32 instructions
2024-10-02  0:41:24 0 [Note] InnoDB: Initializing buffer pool, total size = 16M, instances = 1, chunk size = 16M
2024-10-02  0:41:24 0 [Note] InnoDB: Completed initialization of buffer pool
2024-10-02  0:41:24 0 [Note] InnoDB: Starting crash recovery from checkpoint LSN=1411113
2024-10-02  0:41:24 0 [Note] InnoDB: 128 out of 128 rollback segments are active.
2024-10-02  0:41:24 0 [Note] InnoDB: Removed temporary tablespace data file: "ibtmp1"
2024-10-02  0:41:24 0 [Note] InnoDB: Creating shared tablespace for temporary tables
2024-10-02  0:41:24 0 [Note] InnoDB: Setting file 'C:\xampp\mysql\data\ibtmp1' size to 12 MB. Physically writing the file full; Please wait ...
2024-10-02  0:41:24 0 [Note] InnoDB: File 'C:\xampp\mysql\data\ibtmp1' size is now 12 MB.
2024-10-02  0:41:24 0 [Note] InnoDB: Waiting for purge to start
2024-10-02  0:41:24 0 [Note] InnoDB: 10.4.32 started; log sequence number 1411122; transaction id 2261
2024-10-02  0:41:24 0 [Note] InnoDB: Loading buffer pool(s) from C:\xampp\mysql\data\ib_buffer_pool
2024-10-02  0:41:24 0 [Note] Plugin 'FEEDBACK' is disabled.
2024-10-02  0:41:24 0 [Note] InnoDB: Buffer pool(s) load completed at 241002  0:41:24
2024-10-02  0:41:24 0 [Note] Server socket created on IP: '::'.
2024-10-02 14:07:55 0 [Note] Starting MariaDB 10.4.32-MariaDB source revision c4143f909528e3fab0677a28631d10389354c491 as process 12072
2024-10-02 14:07:56 0 [Note] InnoDB: Mutexes and rw_locks use Windows interlocked functions
2024-10-02 14:07:56 0 [Note] InnoDB: Uses event mutexes
2024-10-02 14:07:56 0 [Note] InnoDB: Compressed tables use zlib 1.3
2024-10-02 14:07:56 0 [Note] InnoDB: Number of pools: 1
2024-10-02 14:07:56 0 [Note] InnoDB: Using SSE2 crc32 instructions
2024-10-02 14:07:56 0 [Note] InnoDB: Initializing buffer pool, total size = 16M, instances = 1, chunk size = 16M
2024-10-02 14:07:56 0 [Note] InnoDB: Completed initialization of buffer pool
2024-10-02 14:07:56 0 [Note] InnoDB: Starting crash recovery from checkpoint LSN=1420927
2024-10-02 14:07:56 0 [Note] InnoDB: 128 out of 128 rollback segments are active.
2024-10-02 14:07:56 0 [Note] InnoDB: Removed temporary tablespace data file: "ibtmp1"
2024-10-02 14:07:56 0 [Note] InnoDB: Creating shared tablespace for temporary tables
2024-10-02 14:07:56 0 [Note] InnoDB: Setting file 'C:\xampp\mysql\data\ibtmp1' size to 12 MB. Physically writing the file full; Please wait ...
2024-10-02 14:07:56 0 [Note] InnoDB: File 'C:\xampp\mysql\data\ibtmp1' size is now 12 MB.
2024-10-02 14:07:56 0 [Note] InnoDB: Waiting for purge to start
2024-10-02 14:07:56 0 [Note] InnoDB: 10.4.32 started; log sequence number 1420936; transaction id 2308
2024-10-02 14:07:56 0 [Note] InnoDB: Loading buffer pool(s) from C:\xampp\mysql\data\ib_buffer_pool
2024-10-02 14:07:56 0 [Note] Plugin 'FEEDBACK' is disabled.
2024-10-02 14:07:56 0 [Note] InnoDB: Buffer pool(s) load completed at 241002 14:07:56
2024-10-02 14:07:56 0 [Note] Server socket created on IP: '::'.
2024-10-02 19:05:56 0 [Note] Starting MariaDB 10.4.32-MariaDB source revision c4143f909528e3fab0677a28631d10389354c491 as process 3020
2024-10-02 19:05:56 0 [Note] InnoDB: Mutexes and rw_locks use Windows interlocked functions
2024-10-02 19:05:56 0 [Note] InnoDB: Uses event mutexes
2024-10-02 19:05:56 0 [Note] InnoDB: Compressed tables use zlib 1.3
2024-10-02 19:05:56 0 [Note] InnoDB: Number of pools: 1
2024-10-02 19:05:56 0 [Note] InnoDB: Using SSE2 crc32 instructions
2024-10-02 19:05:56 0 [Note] InnoDB: Initializing buffer pool, total size = 16M, instances = 1, chunk size = 16M
2024-10-02 19:05:56 0 [Note] InnoDB: Completed initialization of buffer pool
2024-10-02 19:05:56 0 [Note] InnoDB: Starting crash recovery from checkpoint LSN=1440031
2024-10-02 19:05:56 0 [Note] InnoDB: 128 out of 128 rollback segments are active.
2024-10-02 19:05:56 0 [Note] InnoDB: Removed temporary tablespace data file: "ibtmp1"
2024-10-02 19:05:56 0 [Note] InnoDB: Creating shared tablespace for temporary tables
2024-10-02 19:05:56 0 [Note] InnoDB: Setting file 'C:\xampp\mysql\data\ibtmp1' size to 12 MB. Physically writing the file full; Please wait ...
2024-10-02 19:05:56 0 [Note] InnoDB: File 'C:\xampp\mysql\data\ibtmp1' size is now 12 MB.
2024-10-02 19:05:56 0 [Note] InnoDB: Waiting for purge to start
2024-10-02 19:05:56 0 [Note] InnoDB: 10.4.32 started; log sequence number 1440040; transaction id 2382
2024-10-02 19:05:56 0 [Note] InnoDB: Loading buffer pool(s) from C:\xampp\mysql\data\ib_buffer_pool
2024-10-02 19:05:56 0 [Note] Plugin 'FEEDBACK' is disabled.
2024-10-02 19:05:56 0 [Note] InnoDB: Buffer pool(s) load completed at 241002 19:05:56
2024-10-02 19:05:56 0 [Note] Server socket created on IP: '::'.
